Sepahan
R. Ahmadi:-6.5:0,E. Hajisafi:-2:1,M. Karimi:-5:-2,M. Navidkia:-5:2,H. Aghili:-2:-1
Sepahan
R. Ahmadi:6.5:0,E. Hajisafi:2:-1,M. Karimi:5:2,M. Navidkia:5:-2,H. Aghili:2:1
______________________________________________________________________________
1
team1:
0,0,0
-6.5:0,-2:1,-5:-2,-5:2,-2:-0.9999999
6.499999:0,2:-0.9999999,5:2,5:-2,2:1
0:0
0-0
______________________________________________________________________________
2
team2:
0,0,0
-6.5:0,-2:1,-5:-2,-5:2,-2:-0.9999999
6.499999:0,2:-0.9999999,5:2,5:-2,2:1
0:0
0-0
______________________________________________________________________________
3
team1:
0,0,0
-6.5:0,-2:1,-5:-2,-5:2,-2:-0.9999999
6.5:0,2:-0.9999999,5:2,5:-2,2:1
0:0
0-0
______________________________________________________________________________
4
team2:
0,0,0
-6.499999:0,-2:1,-5:-2,-5:2,-2:-0.9999999
6.5:0,2:-0.9999999,5:2,5:-2,2:1
0:0
0-0
______________________________________________________________________________
5
team1:
0,0,0
-6.499999:0,-2:1,-5:-2,-5:2,-2:-0.9999999
6.5:0,2:-0.9999999,5:2,5:-2,2:1
0:0
0-0
______________________________________________________________________________
6
team2:
0,0,0
-6.5:0,-2:1,-5:-2,-5:2,-2:-0.9999999
6.5:0,2:-0.9999999,5:2,5:-2,2:1
0:0
0-0
______________________________________________________________________________
7
team1:
0,0,100
0.6639344:-0.003230989,-1.155087:2.530058,-5:-2,-5:2,-1.141714:-2.552578
6.5:0,2:-0.9999999,5:2,5:-2,2:1
5.205775:0.02336365
0-0
______________________________________________________________________________
8
team2:
1,153,100
-5.884872:3.101484,-1.155048:2.530128,-5:-2,-5.445536:0.9257004,-1.141714:-2.552578
6.5:0,0.583546:-1.587318,5:2,5:-2,2:1
5.205775:0.02336365
0-0
______________________________________________________________________________
9
team1:
1,333,100
-5.884872:3.101484,0.9676068:1.186565,-5:-2,-5.445536:0.9257004,-1.141714:-2.552578
6.649459:0.08600116,0.583546:-1.587318,5:2,5.104733:-3.026085,5.773038:-1.108513
5.110322:1.0034
0-0
______________________________________________________________________________
10
team2:
2,201,100
-5.884872:3.101484,-3.791907:1.486229,-5:-2,-5.445536:0.9257004,-1.141714:-2.552578
6.649459:0.08600116,0.1298571:-2.321715,1.39752:-0.9470758,5.104733:-3.026085,5.773038:-1.108513
5.11022:1.003504
0-0
______________________________________________________________________________
11
team1:
0,0,100
3.55747:3.101491,-3.791907:1.486229,-5:-2,-5.445536:0.9257004,-1.141714:-2.552578
6.649459:0.08600116,0.1298571:-2.321715,1.39752:-0.9470758,5.104733:-3.026085,5.773038:-1.108513
5.11022:1.003504
0-0
______________________________________________________________________________
12
team2:
4,206,100
3.55747:3.101491,-3.791907:1.486229,-5:-2,-5.445536:0.9257004,-1.336682:-2.431288
6.649459:0.08600116,-2.055257:-0.130505,1.39752:-0.9470758,5.104742:-3.026166,-0.3309322:-3.178237
5.11022:1.003504
0-0
______________________________________________________________________________
13
team1:
2,21,100
3.55747:3.101491,-3.791907:1.486229,-0.7453972:-1.142629,-5.445536:0.9257004,-1.314173:-2.817331
6.649459:0.08600116,1.581611:3.258643,1.39752:-0.9470758,5.104742:-3.026166,0.5682535:-2.852797
5.11022:1.003504
0-0
______________________________________________________________________________
14
team2:
1,17,100
1.589118:0.8923222,-3.791907:1.486229,-0.7453972:-1.142629,-5.445536:0.9257004,-1.314173:-2.817331
6.649459:0.08600116,2.503239:3.090567,1.39752:-0.9470758,5.104742:-3.026166,0.5682535:-2.852797
5.11022:1.003504
0-0
______________________________________________________________________________
15
team1:
2,11,100
1.589037:0.8923,-3.791907:1.486229,0.3951726:-0.04168129,-5.445536:0.9257004,-1.314173:-2.817331
5.937055:1.216788,2.503239:3.090567,6.575214:-1.430375,5.104742:-3.026166,0.5682535:-2.852797
5.11022:1.003504
0-0
______________________________________________________________________________
16
team2:
0,149,100
-6.5:0,-2:1,-5:-2,-5:2,-2:-0.9999999
6.5:0,2:-0.9999999,5:2,5:-2,2:1
0:0
1-0
______________________________________________________________________________
17
team2:
4,107,100
-6.5:0,-2:1,-5:-2,-5:2,-2:-0.9999999
6.5:0,2:-0.9999999,5:2,5:-2,-0.3102022:-2.125364
-4.113274:1.772749
1-0
______________________________________________________________________________
18
team1:
0,349,100
-2.864854:-0.3509141,-2:1,-5:-2,-5:2,0.7015046:-0.1866734
6.5:0,2:-0.9999999,5:2,5:-2,2.620225:-2.484654
-4.113274:1.772749
1-0
______________________________________________________________________________
19
team2:
2,27,100
-2.864854:-0.3509141,-2:1,-5:-2,-5:2,0.7015681:-0.1866295
6.5:0,2:-0.9999999,-0.1587289:0.6119873,5:-2,2.620225:-2.484654
-4.113274:1.772749
1-0
______________________________________________________________________________
20
team1:
0,306,100
1.039727:-1.161819,-2:1,-5:-2,-5:2,0.896217:0.2966849
6.5:0,3.93847:0.08449382,-0.64898:1.316326,5:-2,2.620225:-2.484654
-4.113274:1.772749
1-0
______________________________________________________________________________
21
team2:
2,121,100
1.039727:-1.161819,-2:1,-5.742528:-3.337756,-5:2,0.896217:0.2966849
6.5:0,3.93847:0.08449382,-4.768007:-0.9933906,5:-2,2.620225:-2.484654
-4.113318:1.772847
1-0
______________________________________________________________________________
22
team1:
3,0,100
1.0398:-1.161797,0.0476027:-0.5014923,-5.742528:-3.337756,-0.7615761:3.017919,1.949067:0.2409839
6.5:0,3.93847:0.08449382,-4.768007:-0.9933906,5:-2,2.620225:-2.484654
-1.41273:0.7463591
1-0
______________________________________________________________________________
23
team2:
0,0,0
1.0398:-1.161797,0.0476027:-0.5014923,-5.742528:-3.337756,-0.7615761:3.017919,1.949067:0.2409839
6.5:0,3.93847:0.08449382,-4.768007:-0.9933906,5:-2,2.620225:-2.484654
-1.41273:0.7463591
1-0
______________________________________________________________________________
24
team1:
0,0,0
1.0398:-1.161797,0.0476027:-0.5014923,-5.742528:-3.337756,-0.7615761:3.017919,1.949067:0.2409839
6.5:0,3.93847:0.08449382,-4.768007:-0.9933906,5:-2,2.620225:-2.484654
-1.41273:0.7463591
1-0
______________________________________________________________________________
25
team2:
0,0,0
1.0398:-1.161797,0.0476027:-0.5014923,-5.742528:-3.337756,-0.7615761:3.017919,1.949067:0.2409839
6.5:0,3.93847:0.08449382,-4.768007:-0.9933906,5:-2,2.620225:-2.484654
-1.41273:0.7463591
1-0
______________________________________________________________________________
26
team1:
0,0,0
1.0398:-1.161797,0.0476027:-0.5014923,-5.742528:-3.337756,-0.7615761:3.017919,1.949067:0.2409839
6.5:0,3.93847:0.08449382,-4.768007:-0.9933906,5:-2,2.620225:-2.484654
-1.41273:0.7463591
1-0
______________________________________________________________________________
27
team2:
0,0,0
1.0398:-1.161797,0.0476027:-0.5014923,-5.742528:-3.337756,-0.7615761:3.017919,1.949067:0.2409839
6.5:0,3.93847:0.08449382,-4.768007:-0.9933906,5:-2,2.620225:-2.484654
-1.41273:0.7463591
1-0
______________________________________________________________________________
28
team1:
0,0,0
1.0398:-1.161797,0.0476027:-0.5014923,-5.742528:-3.337756,-0.7615761:3.017919,1.949067:0.2409839
6.5:0,3.93847:0.08449382,-4.768007:-0.9933906,5:-2,2.620225:-2.484654
-1.41273:0.7463591
1-0
______________________________________________________________________________
29
team2:
0,0,0
1.0398:-1.161797,0.0476027:-0.5014923,-5.742528:-3.337756,-0.7615761:3.017919,1.949067:0.2409839
6.5:0,3.93847:0.08449382,-4.768007:-0.9933906,5:-2,2.620225:-2.484654
-1.41273:0.7463591
1-0
______________________________________________________________________________
30
team1:
0,36,100
4.096997:-1.500937,0.0476027:-0.5014923,-5.742528:-3.337756,-0.7615761:3.017919,6.078899:0.9341956
6.667738:-0.2823074,3.938537:0.08453166,-4.768007:-0.9933906,5.280405:-2.117243,2.620286:-2.484608
-1.41273:0.7463591
1-0
______________________________________________________________________________
31
team2:
3,158,100
-0.3611049:2.073076,-3.09038:-1.235747,-5.742528:-3.337756,-1.346183:2.80167,6.078899:0.9341956
6.667738:-0.2823074,3.938537:0.08453166,-4.768007:-0.9933906,4.710258:-2.499847,2.620286:-2.484608
-1.41273:0.7463591
1-0
______________________________________________________________________________
32
team1:
0,0,0
-0.3611049:2.073076,-3.09038:-1.235747,-5.742528:-3.337756,-1.346183:2.80167,6.078899:0.9341956
6.667738:-0.2823074,3.938537:0.08453166,-4.768007:-0.9933906,4.710258:-2.499847,2.620286:-2.484608
-1.41273:0.7463591
1-0
______________________________________________________________________________
33
team2:
0,0,0
-0.3612362:2.073012,-3.09038:-1.235747,-5.742528:-3.337756,-1.346183:2.80167,6.078899:0.9341956
6.667738:-0.2823074,3.938537:0.08453166,-4.768007:-0.9933906,4.710258:-2.499847,2.620286:-2.484608
-1.41273:0.7463591
1-0
______________________________________________________________________________
34
team1:
0,0,0
-0.3612362:2.073012,-3.09038:-1.235747,-5.742528:-3.337756,-1.346183:2.80167,6.078899:0.9341956
6.667778:-0.2823741,3.938537:0.08453166,-4.768007:-0.9933906,4.710258:-2.499847,2.620286:-2.484608
-1.41273:0.7463591
1-0
______________________________________________________________________________
35
team2:
0,0,0
-0.3612362:2.073012,-3.09038:-1.235747,-5.742528:-3.337756,-1.346183:2.80167,6.078899:0.9341956
6.667778:-0.2823741,3.938537:0.08453166,-4.768007:-0.9933906,4.710258:-2.499847,2.620286:-2.484608
-1.41273:0.7463591
1-0
______________________________________________________________________________
36
team1:
0,0,0
-0.3612362:2.073012,-3.09038:-1.235747,-5.742528:-3.337756,-1.346183:2.80167,6.078899:0.9341956
6.667778:-0.2823741,3.938537:0.08453166,-4.768007:-0.9933906,4.710258:-2.499847,2.620286:-2.484608
-1.41273:0.7463591
1-0
______________________________________________________________________________
37
team2:
0,0,0
-0.3612362:2.073012,-3.09038:-1.235747,-5.742528:-3.337756,-1.346183:2.80167,6.078899:0.9341956
6.667778:-0.2823741,3.938537:0.08453166,-4.768007:-0.9933906,4.710258:-2.499847,2.620286:-2.484608
-1.41273:0.7463591
1-0
______________________________________________________________________________
38
team1:
0,0,0
-0.3612362:2.073012,-3.09038:-1.235747,-5.742528:-3.337756,-1.346183:2.80167,6.078899:0.9341956
6.667778:-0.2823741,3.938537:0.08453166,-4.768007:-0.9933906,4.710258:-2.499847,2.620286:-2.484608
-1.41273:0.7463591
1-0
______________________________________________________________________________
39
team2:
0,0,0
-0.3612362:2.073012,-3.09038:-1.235747,-5.742528:-3.337756,-1.346183:2.80167,6.078899:0.9341956
6.667778:-0.2823741,3.938537:0.08453166,-4.768007:-0.9933906,4.710258:-2.499847,2.620286:-2.484608
-1.41273:0.7463591
1-0
______________________________________________________________________________
40
team1:
2,76,100
-0.2249182:2.009282,-3.090454:-1.235764,-6.552481:-0.9670354,-1.07986:2.815978,6.078899:0.9341956
6.667778:-0.2823741,3.938537:0.08453166,-2.077926:1.150649,4.710258:-2.499847,2.620286:-2.484608
-1.412832:0.7463334
1-0
______________________________________________________________________________
41
team2:
2,181,100
-0.2249182:2.009282,-3.090454:-1.235764,-6.158946:-2.494241,-1.07986:2.815978,6.078899:0.9341956
6.667778:-0.2823741,3.938537:0.08453166,-5.714707:-0.02463555,4.710258:-2.499847,2.620286:-2.484608
-1.412832:0.7463334
1-0
______________________________________________________________________________
42
team1:
0,0,0
-0.2249182:2.009282,-3.090454:-1.235764,-6.158946:-2.494241,-1.07986:2.815978,6.078899:0.9341956
6.667778:-0.2823741,3.938537:0.08453166,-5.714707:-0.02463555,4.710258:-2.499847,2.620286:-2.484608
-1.412832:0.7463334
1-0
______________________________________________________________________________
43
team2:
0,0,0
-0.2248499:2.00925,-3.090454:-1.235764,-6.158946:-2.494241,-1.07986:2.815978,6.078899:0.9341956
6.667778:-0.2823741,3.938537:0.08453166,-5.714707:-0.02463555,4.710258:-2.499847,2.620286:-2.484608
-1.412832:0.7463334
1-0
______________________________________________________________________________
44
team1:
0,0,0
-0.2248499:2.00925,-3.090454:-1.235764,-6.158946:-2.494241,-1.07986:2.815978,6.078899:0.9341956
6.667778:-0.2823741,3.938537:0.08453166,-5.714707:-0.02463555,4.710258:-2.499847,2.620286:-2.484608
-1.412832:0.7463334
1-0
______________________________________________________________________________
45
team2:
0,0,0
-0.2248499:2.00925,-3.090454:-1.235764,-6.158946:-2.494241,-1.07986:2.815978,6.078899:0.9341956
6.667778:-0.2823741,3.938537:0.08453166,-5.714707:-0.02463555,4.710258:-2.499847,2.620286:-2.484608
-1.412832:0.7463334
1-0
______________________________________________________________________________
46
team1:
0,0,0
-0.2248499:2.00925,-3.090454:-1.235764,-6.158946:-2.494241,-1.07986:2.815978,6.078899:0.9341956
6.667778:-0.2823741,3.938537:0.08453166,-5.714707:-0.02463555,4.710258:-2.499847,2.620286:-2.484608
-1.412832:0.7463334
1-0
______________________________________________________________________________
47
team2:
0,0,0
-0.2248499:2.00925,-3.090454:-1.235764,-6.158946:-2.494241,-1.07986:2.815978,6.078899:0.9341956
6.667778:-0.2823741,3.938537:0.08453166,-5.714707:-0.02463555,4.710258:-2.499847,2.620286:-2.484608
-1.412832:0.7463334
1-0
______________________________________________________________________________
48
team1:
0,0,0
-0.2248499:2.00925,-3.090454:-1.235764,-6.158946:-2.494241,-1.07986:2.815978,6.078899:0.9341956
6.667778:-0.2823741,3.938537:0.08453166,-5.714707:-0.02463555,4.710258:-2.499847,2.620286:-2.484608
-1.412832:0.7463334
1-0
______________________________________________________________________________
49
team2:
0,0,0
-0.2248499:2.00925,-3.090454:-1.235764,-6.158946:-2.494241,-1.07986:2.815978,6.078899:0.9341956
6.667778:-0.2823741,3.938537:0.08453166,-5.714707:-0.02463555,4.710258:-2.499847,2.620286:-2.484608
-1.412832:0.7463334
1-0
______________________________________________________________________________
50
team1:
3,345,100
2.848903:-0.8432959,-3.090454:-1.235764,-6.158946:-2.494241,1.030142:2.384367,6.079003:0.9342462
6.783407:-0.446824,5.769412:-1.024838,-5.714707:-0.02463555,4.710258:-2.499847,2.620286:-2.484608
-1.412832:0.7463334
1-0
______________________________________________________________________________
51
team2:
0,170,100
2.551159:-0.3945203,-3.090454:-1.235764,-6.158946:-2.494241,1.030142:2.384367,4.305305:2.318044
5.498295:-0.2653208,3.301505:-1.768916,-5.714707:-0.02463555,4.710221:-2.499915,-0.8489339:-2.497867
-1.412832:0.7463334
1-0
______________________________________________________________________________
52
team1:
0,0,0
2.551159:-0.3945203,-3.090454:-1.235764,-6.158946:-2.494241,1.030142:2.384367,4.305305:2.318044
5.498295:-0.2653208,3.301505:-1.768916,-5.714707:-0.02463555,4.710221:-2.499915,-0.8489339:-2.497867
-1.412832:0.7463334
1-0
______________________________________________________________________________
53
team2:
0,0,0
2.551117:-0.3944567,-3.090454:-1.235764,-6.158946:-2.494241,1.030142:2.384367,4.305305:2.318044
5.498295:-0.2653208,3.301505:-1.768916,-5.714707:-0.02463555,4.710221:-2.499915,-0.8489339:-2.497867
-1.412832:0.7463334
1-0
______________________________________________________________________________
54
team1:
0,0,0
2.551117:-0.3944567,-3.090454:-1.235764,-6.158946:-2.494241,1.030142:2.384367,4.305305:2.318044
5.498222:-0.2653387,3.301505:-1.768916,-5.714707:-0.02463555,4.710221:-2.499915,-0.8489339:-2.497867
-1.412832:0.7463334
1-0
______________________________________________________________________________
55
team2:
0,0,0
2.551117:-0.3944567,-3.090454:-1.235764,-6.158946:-2.494241,1.030142:2.384367,4.305305:2.318044
5.498222:-0.2653387,3.301505:-1.768916,-5.714707:-0.02463555,4.710221:-2.499915,-0.8489339:-2.497867
-1.412832:0.7463334
1-0
______________________________________________________________________________
56
team1:
0,0,0
2.551117:-0.3944567,-3.090454:-1.235764,-6.158946:-2.494241,1.030142:2.384367,4.305305:2.318044
5.498222:-0.2653387,3.301505:-1.768916,-5.714707:-0.02463555,4.710221:-2.499915,-0.8489339:-2.497867
-1.412832:0.7463334
1-0
______________________________________________________________________________
57
team2:
0,0,0
2.551117:-0.3944567,-3.090454:-1.235764,-6.158946:-2.494241,1.030142:2.384367,4.305305:2.318044
5.498222:-0.2653387,3.301505:-1.768916,-5.714707:-0.02463555,4.710221:-2.499915,-0.8489339:-2.497867
-1.412832:0.7463334
1-0
______________________________________________________________________________
58
team1:
0,0,0
2.551117:-0.3944567,-3.090454:-1.235764,-6.158946:-2.494241,1.030142:2.384367,4.305305:2.318044
5.498222:-0.2653387,3.301505:-1.768916,-5.714707:-0.02463555,4.710221:-2.499915,-0.8489339:-2.497867
-1.412832:0.7463334
1-0
______________________________________________________________________________
59
team2:
0,0,0
2.551117:-0.3944567,-3.090454:-1.235764,-6.158946:-2.494241,1.030142:2.384367,4.305305:2.318044
5.498222:-0.2653387,3.301505:-1.768916,-5.714707:-0.02463555,4.710221:-2.499915,-0.8489339:-2.497867
-1.412832:0.7463334
1-0
______________________________________________________________________________
60
team1:
3,254,100
2.551117:-0.3944567,-4.196517:0.01965833,-6.158946:-2.494241,0.6980712:-2.539211,4.305305:2.318044
5.498222:-0.2653387,3.301505:-1.768916,-5.714707:-0.02463555,4.710221:-2.499915,-2.015335:-1.476347
-1.412832:0.7463334
1-0
______________________________________________________________________________
61
team2:
1,172,100
2.551117:-0.3944567,-4.196517:0.01965833,-6.39832:-2.955471,0.6981271:-2.539263,4.305305:2.318044
5.498222:-0.2653387,-1.392923:-0.09735972,-5.714707:-0.02463555,4.710221:-2.499915,-5.868032:-1.374399
-1.412832:0.7463334
1-0
______________________________________________________________________________
62
team1:
0,0,0
2.551117:-0.3944567,-4.196517:0.01965833,-6.39832:-2.955471,0.6981271:-2.539263,4.305305:2.318044
5.498222:-0.2653387,-1.392923:-0.09735972,-5.714707:-0.02463555,4.710221:-2.499915,-5.868032:-1.374399
-1.412832:0.7463334
1-0
______________________________________________________________________________
63
team2:
0,0,0
2.551117:-0.3944567,-4.196517:0.01965833,-6.39832:-2.955471,0.6981271:-2.539263,4.305305:2.318044
5.498222:-0.2653387,-1.392923:-0.09735972,-5.714707:-0.02463555,4.710221:-2.499915,-5.868032:-1.374399
-1.412832:0.7463334
1-0
______________________________________________________________________________
64
team1:
0,0,0
2.551117:-0.3944567,-4.196517:0.01965833,-6.39832:-2.955471,0.6981271:-2.539263,4.305305:2.318044
5.498222:-0.2653387,-1.392923:-0.09735972,-5.714707:-0.02463555,4.710221:-2.499915,-5.868032:-1.374399
-1.412832:0.7463334
1-0
______________________________________________________________________________
65
team2:
0,0,0
2.551117:-0.3944567,-4.196517:0.01965833,-6.39832:-2.955471,0.6981271:-2.539263,4.305305:2.318044
5.498222:-0.2653387,-1.392923:-0.09735972,-5.714707:-0.02463555,4.710221:-2.499915,-5.868032:-1.374399
-1.412832:0.7463334
1-0
______________________________________________________________________________
66
team1:
0,0,0
2.551117:-0.3944567,-4.196517:0.01965833,-6.39832:-2.955471,0.6981271:-2.539263,4.305305:2.318044
5.498222:-0.2653387,-1.392923:-0.09735972,-5.714707:-0.02463555,4.710221:-2.499915,-5.868032:-1.374399
-1.412832:0.7463334
1-0
______________________________________________________________________________
67
team2:
0,0,0
2.551117:-0.3944567,-4.196517:0.01965833,-6.39832:-2.955471,0.6981271:-2.539263,4.305305:2.318044
5.498222:-0.2653387,-1.392923:-0.09735972,-5.714707:-0.02463555,4.710221:-2.499915,-5.868032:-1.374399
-1.412832:0.7463334
1-0
______________________________________________________________________________
68
team1:
0,0,0
2.551117:-0.3944567,-4.196517:0.01965833,-6.39832:-2.955471,0.6981271:-2.539263,4.305305:2.318044
5.498222:-0.2653387,-1.392923:-0.09735972,-5.714707:-0.02463555,4.710221:-2.499915,-5.868032:-1.374399
-1.412832:0.7463334
1-0
______________________________________________________________________________
69
team2:
0,0,0
2.551117:-0.3944567,-4.196517:0.01965833,-6.39832:-2.955471,0.6981271:-2.539263,4.305305:2.318044
5.498222:-0.2653387,-1.392923:-0.09735972,-5.714707:-0.02463555,4.710221:-2.499915,-5.868032:-1.374399
-1.412832:0.7463334
1-0
______________________________________________________________________________
70
team1:
0,142,100
-4.889658:1.479838,-4.196517:0.01965833,-6.39832:-2.955471,0.6981271:-2.539263,4.305305:2.318044
5.498222:-0.2653387,-1.392923:-0.09735972,-5.714707:-0.02463555,4.710221:-2.499915,-5.868032:-1.374399
-1.412832:0.7463334
1-0
______________________________________________________________________________
71
team2:
2,27,100
-4.144247:2.290386,-2.117078:1.096804,-6.39832:-2.955471,0.6981271:-2.539263,4.305305:2.318044
5.498222:-0.2653387,3.659931:-0.5418837,-5.178432:0.4978578,4.710221:-2.499915,-5.868032:-1.374399
-1.412832:0.7463334
1-0
______________________________________________________________________________
72
team1:
0,0,0
-4.144247:2.290386,-2.117078:1.096804,-6.39832:-2.955471,0.6981271:-2.539263,4.305305:2.318044
5.498222:-0.2653387,3.659931:-0.5418837,-5.178432:0.4978578,4.710221:-2.499915,-5.868032:-1.374399
-1.412832:0.7463334
1-0
______________________________________________________________________________
73
team2:
0,0,0
-4.14423:2.290312,-2.117078:1.096804,-6.39832:-2.955471,0.6981271:-2.539263,4.305305:2.318044
5.498222:-0.2653387,3.659931:-0.5418837,-5.178432:0.4978578,4.710221:-2.499915,-5.868032:-1.374399
-1.412832:0.7463334
1-0
______________________________________________________________________________
74
team1:
0,0,0
-4.14423:2.290312,-2.117078:1.096804,-6.39832:-2.955471,0.6981271:-2.539263,4.305305:2.318044
5.498222:-0.2653387,3.659931:-0.5418837,-5.178432:0.4978578,4.710221:-2.499915,-5.868032:-1.374399
-1.412832:0.7463334
1-0
______________________________________________________________________________
75
team2:
0,0,0
-4.14423:2.290312,-2.117078:1.096804,-6.39832:-2.955471,0.6981271:-2.539263,4.305305:2.318044
5.498222:-0.2653387,3.659931:-0.5418837,-5.178432:0.4978578,4.710221:-2.499915,-5.868032:-1.374399
-1.412832:0.7463334
1-0
______________________________________________________________________________
76
team1:
0,0,0
-4.14423:2.290312,-2.117078:1.096804,-6.39832:-2.955471,0.6981271:-2.539263,4.305305:2.318044
5.498222:-0.2653387,3.659931:-0.5418837,-5.178432:0.4978578,4.710221:-2.499915,-5.868032:-1.374399
-1.412832:0.7463334
1-0
______________________________________________________________________________
77
team2:
0,0,0
-4.14423:2.290312,-2.117078:1.096804,-6.39832:-2.955471,0.6981271:-2.539263,4.305305:2.318044
5.498222:-0.2653387,3.659931:-0.5418837,-5.178432:0.4978578,4.710221:-2.499915,-5.868032:-1.374399
-1.412832:0.7463334
1-0
______________________________________________________________________________
78
